<html>
<head>
<title>TestNG:  Default test</title>
<link href="../testng.css" rel="stylesheet" type="text/css" />
<link href="../my-testng.css" rel="stylesheet" type="text/css" />

<style type="text/css">
.log { display: none;} 
.stack-trace { display: none;} 
</style>
<script type="text/javascript">
<!--
function flip(e) {
  current = e.style.display;
  if (current == 'block') {
    e.style.display = 'none';
    return 0;
  }
  else {
    e.style.display = 'block';
    return 1;
  }
}

function toggleBox(szDivId, elem, msg1, msg2)
{
  var res = -1;  if (document.getElementById) {
    res = flip(document.getElementById(szDivId));
  }
  else if (document.all) {
    // this is the way old msie versions work
    res = flip(document.all[szDivId]);
  }
  if(elem) {
    if(res == 0) elem.innerHTML = msg1; else elem.innerHTML = msg2;
  }

}

function toggleAllBoxes() {
  if (document.getElementsByTagName) {
    d = document.getElementsByTagName('div');
    for (i = 0; i < d.length; i++) {
      if (d[i].className == 'log') {
        flip(d[i]);
      }
    }
  }
}

// -->
</script>

</head>
<body>
<h2 align='center'>Default test</h2><table border='1' align="center">
<tr>
<td>Tests passed/Failed/Skipped:</td><td>10/1/0</td>
</tr><tr>
<td>Started on:</td><td>Wed Jun 08 14:54:37 EET 2022</td>
</tr>
<tr><td>Total time:</td><td>97 seconds (97960 ms)</td>
</tr><tr>
<td>Included groups:</td><td></td>
</tr><tr>
<td>Excluded groups:</td><td></td>
</tr>
</table><p/>
<small><i>(Hover the method name to see the test class name)</i></small><p/>
<table width='100%' border='1' class='invocation-failed'>
<tr><td colspan='4' align='center'><b>FAILED TESTS</b></td></tr>
<tr><td><b>Test method</b></td>
<td width="30%"><b>Exception</b></td>
<td width="10%"><b>Time (seconds)</b></td>
<td><b>Instance</b></td>
</tr>
<tr>
<td title='testrunners.TestRunner.runScenario()'><b>runScenario</b><br>Test class: testrunners.TestRunner<br>Test method: Runs Cucumber Scenarios<br>Parameters: "User login with valid credentials", "User could login with credentials"</td>
<td><div><pre>org.openqa.selenium.NoSuchElementException: no such element: Unable to locate element: {&quot;method&quot;:&quot;css selector&quot;,&quot;selector&quot;:&quot;.ico\-account&quot;}
  (Session info: chrome=102.0.5005.63)
For documentation on this error, please visit: https://selenium.dev/exceptions/#no_such_element
Build info: version: &apos;4.1.4&apos;, revision: &apos;535d840ee2&apos;
System info: host: &apos;DESKTOP-QN39QBK&apos;, ip: &apos;169.254.106.61&apos;, os.name: &apos;Windows 10&apos;, os.arch: &apos;amd64&apos;, os.version: &apos;10.0&apos;, java.version: &apos;15.0.2&apos;
Driver info: org.openqa.selenium.chrome.ChromeDriver
Command: [641d9d115af21c4d52449e898c65c6bb, findElement {using=class name, value=ico-account}]
Capabilities {acceptInsecureCerts: false, browserName: chrome, browserVersion: 102.0.5005.63, chrome: {chromedriverVersion: 102.0.5005.61 (0e59bcc00cc4..., userDataDir: C:\Users\lenovo\AppData\Loc...}, goog:chromeOptions: {debuggerAddress: localhost:61981}, javascriptEnabled: true, networkConnectionEnabled: false, pageLoadStrategy: normal, platform: WINDOWS, platformName: WINDOWS, proxy: Proxy(), se:cdp: ws://localhost:61981/devtoo..., se:cdpVersion: 102.0.5005.63, setWindowRect: true, strictFileInteractability: false, timeouts: {implicit: 0, pageLoad: 300000, script: 30000}, unhandledPromptBehavior: dismiss and notify, webauthn:extension:credBlob: true, webauthn:extension:largeBlob: true, webauthn:virtualAuthenticators: true}
Session ID: 641d9d115af21c4d52449e898c65c6bb
	at java.base/jdk.internal.reflect.NativeConstructorAccessorImpl.newInstance0(Native Method)
	at java.base/jdk.internal.reflect.NativeConstructorAccessorImpl.newInstance(NativeConstructorAccessorImpl.java:64)
	at java.base/jdk.internal.reflect.DelegatingConstructorAccessorImpl.newInstance(DelegatingConstructorAccessorImpl.java:45)
	at java.base/java.lang.reflect.Constructor.newInstanceWithCaller(Constructor.java:500)
	at java.base/java.lang.reflect.Constructor.newInstance(Constructor.java:481)
	at org.openqa.selenium.remote.codec.w3c.W3CHttpResponseCodec.createException(W3CHttpResponseCodec.java:200)
	at org.openqa.selenium.remote.codec.w3c.W3CHttpResponseCodec.decode(W3CHttpResponseCodec.java:133)
	at org.openqa.selenium.remote.codec.w3c.W3CHttpResponseCodec.decode(W3CHttpResponseCodec.java:53)
	at org.openqa.selenium.remote.HttpCommandExecutor.execute(HttpCommandExecutor.java:184)
	at org.openqa.selenium.remote.service.DriverCommandExecutor.invokeExecute(DriverCommandExecutor.java:167)
	at org.openqa.selenium.remote.service.DriverCommandExecutor.execute(DriverCommandExecutor.java:142)
	at org.openqa.selenium.remote.RemoteWebDriver.execute(RemoteWebDriver.java:567)
	at org.openqa.selenium.remote.ElementLocation$ElementFinder$2.findElement(ElementLocation.java:162)
	at org.openqa.selenium.remote.ElementLocation.findElement(ElementLocation.java:60)
	at org.openqa.selenium.remote.RemoteWebDriver.findElement(RemoteWebDriver.java:385)
	at org.openqa.selenium.remote.RemoteWebDriver.findElement(RemoteWebDriver.java:377)
	at org.openqa.selenium.support.pagefactory.DefaultElementLocator.findElement(DefaultElementLocator.java:70)
	at org.openqa.selenium.support.pagefactory.internal.LocatingElementHandler.invoke(LocatingElementHandler.java:39)
	at com.sun.proxy.$Proxy29.isDisplayed(Unknown Source)
	at stepdefinitions.LoginStepDef.loginAssertion(LoginStepDef.java:36)
	at ?.User could login successfully(file:///C:/Users/lenovo/Downloads/Ecommece/EcommercePorject/src/main/resources/features/Login.feature:12)
</pre></div><a href='#' onClick='toggleBox("stack-trace1856662284", this, "Click to show all stack frames", "Click to hide stack frames")'>Click to show all stack frames</a>
<div class='stack-trace' id='stack-trace1856662284'><pre>org.openqa.selenium.NoSuchElementException: no such element: Unable to locate element: {&quot;method&quot;:&quot;css selector&quot;,&quot;selector&quot;:&quot;.ico\-account&quot;}
  (Session info: chrome=102.0.5005.63)
For documentation on this error, please visit: https://selenium.dev/exceptions/#no_such_element
Build info: version: &apos;4.1.4&apos;, revision: &apos;535d840ee2&apos;
System info: host: &apos;DESKTOP-QN39QBK&apos;, ip: &apos;169.254.106.61&apos;, os.name: &apos;Windows 10&apos;, os.arch: &apos;amd64&apos;, os.version: &apos;10.0&apos;, java.version: &apos;15.0.2&apos;
Driver info: org.openqa.selenium.chrome.ChromeDriver
Command: [641d9d115af21c4d52449e898c65c6bb, findElement {using=class name, value=ico-account}]
Capabilities {acceptInsecureCerts: false, browserName: chrome, browserVersion: 102.0.5005.63, chrome: {chromedriverVersion: 102.0.5005.61 (0e59bcc00cc4..., userDataDir: C:\Users\lenovo\AppData\Loc...}, goog:chromeOptions: {debuggerAddress: localhost:61981}, javascriptEnabled: true, networkConnectionEnabled: false, pageLoadStrategy: normal, platform: WINDOWS, platformName: WINDOWS, proxy: Proxy(), se:cdp: ws://localhost:61981/devtoo..., se:cdpVersion: 102.0.5005.63, setWindowRect: true, strictFileInteractability: false, timeouts: {implicit: 0, pageLoad: 300000, script: 30000}, unhandledPromptBehavior: dismiss and notify, webauthn:extension:credBlob: true, webauthn:extension:largeBlob: true, webauthn:virtualAuthenticators: true}
Session ID: 641d9d115af21c4d52449e898c65c6bb
	at java.base/jdk.internal.reflect.NativeConstructorAccessorImpl.newInstance0(Native Method)
	at java.base/jdk.internal.reflect.NativeConstructorAccessorImpl.newInstance(NativeConstructorAccessorImpl.java:64)
	at java.base/jdk.internal.reflect.DelegatingConstructorAccessorImpl.newInstance(DelegatingConstructorAccessorImpl.java:45)
	at java.base/java.lang.reflect.Constructor.newInstanceWithCaller(Constructor.java:500)
	at java.base/java.lang.reflect.Constructor.newInstance(Constructor.java:481)
	at org.openqa.selenium.remote.codec.w3c.W3CHttpResponseCodec.createException(W3CHttpResponseCodec.java:200)
	at org.openqa.selenium.remote.codec.w3c.W3CHttpResponseCodec.decode(W3CHttpResponseCodec.java:133)
	at org.openqa.selenium.remote.codec.w3c.W3CHttpResponseCodec.decode(W3CHttpResponseCodec.java:53)
	at org.openqa.selenium.remote.HttpCommandExecutor.execute(HttpCommandExecutor.java:184)
	at org.openqa.selenium.remote.service.DriverCommandExecutor.invokeExecute(DriverCommandExecutor.java:167)
	at org.openqa.selenium.remote.service.DriverCommandExecutor.execute(DriverCommandExecutor.java:142)
	at org.openqa.selenium.remote.RemoteWebDriver.execute(RemoteWebDriver.java:567)
	at org.openqa.selenium.remote.ElementLocation$ElementFinder$2.findElement(ElementLocation.java:162)
	at org.openqa.selenium.remote.ElementLocation.findElement(ElementLocation.java:60)
	at org.openqa.selenium.remote.RemoteWebDriver.findElement(RemoteWebDriver.java:385)
	at org.openqa.selenium.remote.RemoteWebDriver.findElement(RemoteWebDriver.java:377)
	at org.openqa.selenium.support.pagefactory.DefaultElementLocator.findElement(DefaultElementLocator.java:70)
	at org.openqa.selenium.support.pagefactory.internal.LocatingElementHandler.invoke(LocatingElementHandler.java:39)
	at com.sun.proxy.$Proxy29.isDisplayed(Unknown Source)
	at stepdefinitions.LoginStepDef.loginAssertion(LoginStepDef.java:36)
	at ?.User could login successfully(file:///C:/Users/lenovo/Downloads/Ecommece/EcommercePorject/src/main/resources/features/Login.feature:12)
</pre></div></td>
<td>11</td>
<td>testrunners.TestRunner@7a362b6b</td></tr>
</table><p>
<table width='100%' border='1' class='invocation-passed'>
<tr><td colspan='4' align='center'><b>PASSED TESTS</b></td></tr>
<tr><td><b>Test method</b></td>
<td width="30%"><b>Exception</b></td>
<td width="10%"><b>Time (seconds)</b></td>
<td><b>Instance</b></td>
</tr>
<tr>
<td title='testrunners.TestRunner.runScenario()'><b>runScenario</b><br>Test class: testrunners.TestRunner<br>Test method: Runs Cucumber Scenarios<br>Parameters: "User switch between US and Euro", "User could switch between currencies [US-Euro]"</td>
<td></td>
<td>4</td>
<td>testrunners.TestRunner@7a362b6b</td></tr>
<tr>
<td title='testrunners.TestRunner.runScenario()'><b>runScenario</b><br>Test class: testrunners.TestRunner<br>Test method: Runs Cucumber Scenarios<br>Parameters: "Click on Nokia banner on responsive slider wrapper", "User could click on slider wrapper"</td>
<td></td>
<td>5</td>
<td>testrunners.TestRunner@7a362b6b</td></tr>
<tr>
<td title='testrunners.TestRunner.runScenario()'><b>runScenario</b><br>Test class: testrunners.TestRunner<br>Test method: Runs Cucumber Scenarios<br>Parameters: "User search for desired products with SKU", "User could search for any product"</td>
<td></td>
<td>5</td>
<td>testrunners.TestRunner@7a362b6b</td></tr>
<tr>
<td title='testrunners.TestRunner.runScenario()'><b>runScenario</b><br>Test class: testrunners.TestRunner<br>Test method: Runs Cucumber Scenarios<br>Parameters: "Scroll down to the bottom and click on the follow us icons", "Follow us links open the corresponding URLs"</td>
<td></td>
<td>24</td>
<td>testrunners.TestRunner@7a362b6b</td></tr>
<tr>
<td title='testrunners.TestRunner.runScenario()'><b>runScenario</b><br>Test class: testrunners.TestRunner<br>Test method: Runs Cucumber Scenarios<br>Parameters: "User search for desired products with product name", "User could search for any product"</td>
<td></td>
<td>7</td>
<td>testrunners.TestRunner@7a362b6b</td></tr>
<tr>
<td title='testrunners.TestRunner.runScenario()'><b>runScenario</b><br>Test class: testrunners.TestRunner<br>Test method: Runs Cucumber Scenarios<br>Parameters: "User choose a product and click on Add to wishlist icon", "User could add products to wishlist"</td>
<td></td>
<td>9</td>
<td>testrunners.TestRunner@7a362b6b</td></tr>
<tr>
<td title='testrunners.TestRunner.runScenario()'><b>runScenario</b><br>Test class: testrunners.TestRunner<br>Test method: Runs Cucumber Scenarios<br>Parameters: "Click on Nokia banner on responsive slider wrapper", "User could click on slider wrapper"</td>
<td></td>
<td>4</td>
<td>testrunners.TestRunner@7a362b6b</td></tr>
<tr>
<td title='testrunners.TestRunner.runScenario()'><b>runScenario</b><br>Test class: testrunners.TestRunner<br>Test method: Runs Cucumber Scenarios<br>Parameters: "Hover the header menu and select random category then hover and open sub-category if found", "User could select different categories and sub-category"</td>
<td></td>
<td>6</td>
<td>testrunners.TestRunner@7a362b6b</td></tr>
<tr>
<td title='testrunners.TestRunner.runScenario()'><b>runScenario</b><br>Test class: testrunners.TestRunner<br>Test method: Runs Cucumber Scenarios<br>Parameters: "User register with valid data", "User could register with valid data"</td>
<td></td>
<td>7</td>
<td>testrunners.TestRunner@7a362b6b</td></tr>
<tr>
<td title='testrunners.TestRunner.runScenario()'><b>runScenario</b><br>Test class: testrunners.TestRunner<br>Test method: Runs Cucumber Scenarios<br>Parameters: "User choose a product and click on ADD TO CART button", "User could add products to cart"</td>
<td></td>
<td>9</td>
<td>testrunners.TestRunner@7a362b6b</td></tr>
</table><p>
</body>
</html>